<?xml version="1.0" encoding="UTF-8"?>
<!-- Generated by org.testng.reporters.JUnitXMLReporter -->
<testsuite ignored="0" hostname="LAPTOP-5IS4ELH8" failures="0" tests="5" name="ebayTest" time="20.698" errors="0" timestamp="2023-02-07T18:30:13 EST">
  <testcase classname="ebay_data_provider_Testng.ebaydataTest" name="f" time="3.769"/>
  <testcase classname="ebay_data_provider_Testng.ebaydataTest" name="f" time="2.032"/>
  <testcase classname="ebay_data_provider_Testng.ebaydataTest" name="f" time="2.773"/>
  <testcase classname="ebay_data_provider_Testng.ebaydataTest" name="f" time="2.071"/>
  <testcase classname="ebay_data_provider_Testng.ebaydataTest" name="f" time="2.504"/>
</testsuite> <!-- ebayTest -->
