<?xml version="1.0" encoding="UTF-8"?>
<!-- Generated by org.testng.reporters.JUnitXMLReporter -->
<testsuite ignored="0" hostname="LAPTOP-5IS4ELH8" failures="0" tests="12" name="search_itemTest" time="42.417" errors="0" timestamp="2023-02-19T17:05:41 EST">
  <testcase classname="amazonsaerch_dataprovidertectng.ItemTest1" name="f" time="2.398"/>
  <testcase classname="amazonsaerch_dataprovidertectng.ItemTest1" name="f" time="2.327"/>
  <testcase classname="amazonsaerch_dataprovidertectng.ItemTest1" name="f" time="2.23"/>
  <testcase classname="amazonsaerch_dataprovidertectng.ItemTest1" name="f" time="2.288"/>
  <testcase classname="amazonsaerch_dataprovidertectng.ItemTest1" name="f" time="2.28"/>
  <testcase classname="amazonsaerch_dataprovidertectng.ItemTest1" name="f" time="2.305"/>
  <testcase classname="amazonsaerch_dataprovidertectng.ItemTest1" name="f" time="2.284"/>
  <testcase classname="amazonsaerch_dataprovidertectng.ItemTest1" name="f" time="2.303"/>
  <testcase classname="amazonsaerch_dataprovidertectng.ItemTest1" name="f" time="2.265"/>
  <testcase classname="amazonsaerch_dataprovidertectng.ItemTest1" name="f" time="2.36"/>
  <testcase classname="amazonsaerch_dataprovidertectng.ItemTest1" name="f" time="2.308"/>
  <testcase classname="amazonsaerch_dataprovidertectng.ItemTest1" name="f" time="2.308"/>
</testsuite> <!-- search_itemTest -->
