<?xml version="1.0" encoding="UTF-8"?>
<testng-results ignored="0" total="12" passed="12" failed="0" skipped="0">
  <reporter-output>
  </reporter-output>
  <suite started-at="2023-02-19T17:04:59 EST" name="Suite" finished-at="2023-02-19T17:05:41 EST" duration-ms="42417">
    <groups>
    </groups>
    <test started-at="2023-02-19T17:04:59 EST" name="search_itemTest" finished-at="2023-02-19T17:05:41 EST" duration-ms="42417">
      <class name="amazonsaerch_dataprovidertectng.ItemTest1">
        <test-method is-config="true" signature="Ibrowser(java.lang.String,java.lang.String)[pri:0, instance:amazonsaerch_dataprovidertectng.ItemTest1@76a4ebf2]" started-at="2023-02-19T17:04:59 EST" name="Ibrowser" finished-at="2023-02-19T17:05:09 EST" duration-ms="10417" status="PASS">
          <params>
            <param index="0">
              <value>
                <![CDATA[chrome]]>
              </value>
            </param>
            <param index="1">
              <value>
                <![CDATA[https://www.amazon.com/]]>
              </value>
            </param>
          </params>
          <reporter-output>
          </reporter-output>
        </test-method> <!-- Ibrowser -->
        <test-method signature="f(java.lang.String)[pri:0, instance:amazonsaerch_dataprovidertectng.ItemTest1@76a4ebf2]" started-at="2023-02-19T17:05:11 EST" name="f" data-provider="dp" finished-at="2023-02-19T17:05:13 EST" duration-ms="2398" status="PASS">
          <params>
            <param index="0">
              <value>
                <![CDATA[laptop]]>
              </value>
            </param>
          </params>
          <reporter-output>
          </reporter-output>
        </test-method> <!-- f -->
        <test-method signature="f(java.lang.String)[pri:0, instance:amazonsaerch_dataprovidertectng.ItemTest1@76a4ebf2]" started-at="2023-02-19T17:05:13 EST" name="f" data-provider="dp" finished-at="2023-02-19T17:05:16 EST" duration-ms="2327" status="PASS">
          <params>
            <param index="0">
              <value>
                <![CDATA[jacket]]>
              </value>
            </param>
          </params>
          <reporter-output>
          </reporter-output>
        </test-method> <!-- f -->
        <test-method signature="f(java.lang.String)[pri:0, instance:amazonsaerch_dataprovidertectng.ItemTest1@76a4ebf2]" started-at="2023-02-19T17:05:16 EST" name="f" data-provider="dp" finished-at="2023-02-19T17:05:18 EST" duration-ms="2230" status="PASS">
          <params>
            <param index="0">
              <value>
                <![CDATA[pan]]>
              </value>
            </param>
          </params>
          <reporter-output>
          </reporter-output>
        </test-method> <!-- f -->
        <test-method signature="f(java.lang.String)[pri:0, instance:amazonsaerch_dataprovidertectng.ItemTest1@76a4ebf2]" started-at="2023-02-19T17:05:19 EST" name="f" data-provider="dp" finished-at="2023-02-19T17:05:21 EST" duration-ms="2288" status="PASS">
          <params>
            <param index="0">
              <value>
                <![CDATA[watch]]>
              </value>
            </param>
          </params>
          <reporter-output>
          </reporter-output>
        </test-method> <!-- f -->
        <test-method signature="f(java.lang.String)[pri:0, instance:amazonsaerch_dataprovidertectng.ItemTest1@76a4ebf2]" started-at="2023-02-19T17:05:21 EST" name="f" data-provider="dp" finished-at="2023-02-19T17:05:23 EST" duration-ms="2280" status="PASS">
          <params>
            <param index="0">
              <value>
                <![CDATA[games]]>
              </value>
            </param>
          </params>
          <reporter-output>
          </reporter-output>
        </test-method> <!-- f -->
        <test-method signature="f(java.lang.String)[pri:0, instance:amazonsaerch_dataprovidertectng.ItemTest1@76a4ebf2]" started-at="2023-02-19T17:05:24 EST" name="f" data-provider="dp" finished-at="2023-02-19T17:05:26 EST" duration-ms="2305" status="PASS">
          <params>
            <param index="0">
              <value>
                <![CDATA[knifeset]]>
              </value>
            </param>
          </params>
          <reporter-output>
          </reporter-output>
        </test-method> <!-- f -->
        <test-method signature="f(java.lang.String)[pri:0, instance:amazonsaerch_dataprovidertectng.ItemTest1@76a4ebf2]" started-at="2023-02-19T17:05:26 EST" name="f" data-provider="dp" finished-at="2023-02-19T17:05:28 EST" duration-ms="2284" status="PASS">
          <params>
            <param index="0">
              <value>
                <![CDATA[flower]]>
              </value>
            </param>
          </params>
          <reporter-output>
          </reporter-output>
        </test-method> <!-- f -->
        <test-method signature="f(java.lang.String)[pri:0, instance:amazonsaerch_dataprovidertectng.ItemTest1@76a4ebf2]" started-at="2023-02-19T17:05:29 EST" name="f" data-provider="dp" finished-at="2023-02-19T17:05:31 EST" duration-ms="2303" status="PASS">
          <params>
            <param index="0">
              <value>
                <![CDATA[bodycream]]>
              </value>
            </param>
          </params>
          <reporter-output>
          </reporter-output>
        </test-method> <!-- f -->
        <test-method signature="f(java.lang.String)[pri:0, instance:amazonsaerch_dataprovidertectng.ItemTest1@76a4ebf2]" started-at="2023-02-19T17:05:31 EST" name="f" data-provider="dp" finished-at="2023-02-19T17:05:33 EST" duration-ms="2265" status="PASS">
          <params>
            <param index="0">
              <value>
                <![CDATA[ball]]>
              </value>
            </param>
          </params>
          <reporter-output>
          </reporter-output>
        </test-method> <!-- f -->
        <test-method signature="f(java.lang.String)[pri:0, instance:amazonsaerch_dataprovidertectng.ItemTest1@76a4ebf2]" started-at="2023-02-19T17:05:34 EST" name="f" data-provider="dp" finished-at="2023-02-19T17:05:36 EST" duration-ms="2360" status="PASS">
          <params>
            <param index="0">
              <value>
                <![CDATA[mango]]>
              </value>
            </param>
          </params>
          <reporter-output>
          </reporter-output>
        </test-method> <!-- f -->
        <test-method signature="f(java.lang.String)[pri:0, instance:amazonsaerch_dataprovidertectng.ItemTest1@76a4ebf2]" started-at="2023-02-19T17:05:36 EST" name="f" data-provider="dp" finished-at="2023-02-19T17:05:39 EST" duration-ms="2308" status="PASS">
          <params>
            <param index="0">
              <value>
                <![CDATA[table]]>
              </value>
            </param>
          </params>
          <reporter-output>
          </reporter-output>
        </test-method> <!-- f -->
        <test-method signature="f(java.lang.String)[pri:0, instance:amazonsaerch_dataprovidertectng.ItemTest1@76a4ebf2]" started-at="2023-02-19T17:05:39 EST" name="f" data-provider="dp" finished-at="2023-02-19T17:05:41 EST" duration-ms="2308" status="PASS">
          <params>
            <param index="0">
              <value>
                <![CDATA[shirt]]>
              </value>
            </param>
          </params>
          <reporter-output>
          </reporter-output>
        </test-method> <!-- f -->
        <test-method is-config="true" signature="teardown()[pri:0, instance:amazonsaerch_dataprovidertectng.ItemTest1@76a4ebf2]" started-at="2023-02-19T17:05:41 EST" name="teardown" finished-at="2023-02-19T17:05:41 EST" duration-ms="0" status="PASS">
          <reporter-output>
          </reporter-output>
        </test-method> <!-- teardown -->
      </class> <!-- amazonsaerch_dataprovidertectng.ItemTest1 -->
    </test> <!-- search_itemTest -->
  </suite> <!-- Suite -->
</testng-results>
