<?xml version="1.0" encoding="UTF-8"?>
<!-- Generated by org.testng.reporters.JUnitXMLReporter -->
<testsuite ignored="0" hostname="LAPTOP-5IS4ELH8" failures="1" tests="1" name="amazonsearchTest" time="12.49" errors="0" timestamp="2023-02-16T20:15:46 EST">
  <testcase classname="Amazon_Testng_sel_16.amazon_16_Test" name="f" time="0.0">
    <failure type="java.lang.RuntimeException" message="java.lang.NullPointerException: Cannot invoke &amp;quot;org.apache.poi.ss.usermodel.Sheet.getLastRowNum()&amp;quot; because &amp;quot;sheet&amp;quot; is null">
      <![CDATA[java.lang.RuntimeException: java.lang.NullPointerException: Cannot invoke "org.apache.poi.ss.usermodel.Sheet.getLastRowNum()" because "sheet" is null
at java.base/java.util.ArrayList.forEach(ArrayList.java:1511)
Caused by: java.lang.NullPointerException: Cannot invoke "org.apache.poi.ss.usermodel.Sheet.getLastRowNum()" because "sheet" is null
at com.shams.excel.reader.Utility.Xlsx_Reeader_EAL1.getSheetData(Xlsx_Reeader_EAL1.java:525)
at Amazon_Testng_sel_16.amazon_16_Test.dp(amazon_16_Test.java:26)
... 25 more
... Removed 32 stack frames]]>
    </failure>
  </testcase> <!-- f -->
</testsuite> <!-- amazonsearchTest -->
