<?xml version="1.0" encoding="UTF-8"?>
<!-- Generated by org.testng.reporters.JUnitXMLReporter -->
<testsuite ignored="0" hostname="LAPTOP-5IS4ELH8" failures="1" tests="1" name="paralel_practice_run" time="0.097" errors="0" timestamp="2023-01-28T19:15:30 EST">
  <testcase classname="Practice_class_3_run_parealel.Ebay_Testing_class_1_testng" name="ebay" time="0.047">
    <failure type="java.lang.NullPointerException" message="Cannot invoke &amp;quot;org.openqa.selenium.SearchContext.findElement(org.openqa.selenium.By)&amp;quot; because &amp;quot;this.searchContext&amp;quot; is null">
      <![CDATA[java.lang.NullPointerException: Cannot invoke "org.openqa.selenium.SearchContext.findElement(org.openqa.selenium.By)" because "this.searchContext" is null
at org.openqa.selenium.support.pagefactory.DefaultElementLocator.findElement(DefaultElementLocator.java:70)
at org.openqa.selenium.support.pagefactory.internal.LocatingElementHandler.invoke(LocatingElementHandler.java:39)
at jdk.proxy2/jdk.proxy2.$Proxy9.click(Unknown Source)
at Peactice_xmlcalass_1.Ebay_Practice_class_1_pom.sportinggoodsbutton(Ebay_Practice_class_1_pom.java:18)
at Practice_class_3_run_parealel.Ebay_Testing_class_1_testng.ebay(Ebay_Testing_class_1_testng.java:26)
at java.base/java.util.concurrent.ThreadPoolExecutor.runWorker(ThreadPoolExecutor.java:1136)
at java.base/java.util.concurrent.ThreadPoolExecutor$Worker.run(ThreadPoolExecutor.java:635)
at java.base/java.lang.Thread.run(Thread.java:833)
... Removed 12 stack frames]]>
    </failure>
  </testcase> <!-- ebay -->
</testsuite> <!-- paralel_practice_run -->
