<?xml version="1.0" encoding="UTF-8"?>
<!-- Generated by org.testng.reporters.JUnitXMLReporter -->
<testsuite ignored="0" hostname="LAPTOP-5IS4ELH8" failures="0" tests="3" name="Test2,3" time="24.037" errors="0" timestamp="2023-01-28T18:02:43 EST">
  <testcase classname="Practice_class_3_run_parealel.Test2run" name="amazon" time="5.202"/>
  <testcase classname="Practice_class_3_run_parealel.Test3run" name="amazon" time="5.593"/>
  <testcase classname="Practice_class_3_run_parealel.Test3run" name="test4" time="18.384"/>
</testsuite> <!-- Test2,3 -->
