<?xml version="1.0" encoding="UTF-8"?>
<!-- Generated by org.testng.reporters.JUnitXMLReporter -->
<testsuite ignored="0" hostname="LAPTOP-5IS4ELH8" failures="0" tests="3" name="Test3,4" time="7.811" errors="0" timestamp="2023-01-28T19:15:10 EST">
  <testcase classname="Practice_class_3_run_parealel.Test3run" name="amazon" time="3.108"/>
  <testcase classname="Practice_class_3_run_parealel.Test3run" name="test4" time="2.538"/>
  <testcase classname="Practice_class_3_run_parealel.Test2run" name="amazon" time="7.756"/>
</testsuite> <!-- Test3,4 -->
